{"/home/maraujo/Dropbox/qcri/prototype/if-health-metters/vizualization_js/utils.js":{"path":"/home/maraujo/Dropbox/qcri/prototype/if-health-metters/vizualization_js/utils.js","s":{"1":1,"2":1,"3":1,"4":0,"5":0,"6":0,"7":0,"8":0,"9":0,"10":1,"11":0,"12":0,"13":0,"14":0,"15":0,"16":0,"17":1,"18":1,"19":0,"20":0,"21":0,"22":1,"23":0,"24":0,"25":0,"26":1,"27":0,"28":1,"29":0,"30":0,"31":1,"32":0,"33":0,"34":0,"35":0,"36":0,"37":1,"38":0,"39":1,"40":0,"41":1,"42":0,"43":0,"44":0,"45":1,"46":0,"47":1,"48":0,"49":0,"50":0,"51":1,"52":0,"53":0,"54":1,"55":0,"56":0,"57":0,"58":1,"59":0,"60":0,"61":0,"62":0,"63":0,"64":0,"65":0,"66":0,"67":1,"68":1,"69":17,"70":1,"71":1,"72":0,"73":0,"74":0,"75":0,"76":0,"77":0,"78":1,"79":0,"80":0,"81":0,"82":1,"83":1,"84":0,"85":0,"86":0,"87":0,"88":0,"89":0,"90":0,"91":0,"92":0,"93":0,"94":0,"95":0,"96":1,"97":0,"98":0,"99":0,"100":0,"101":1,"102":0,"103":0,"104":0,"105":0,"106":1,"107":0,"108":0,"109":0,"110":0,"111":0},"b":{"1":[0,0],"2":[0,0],"3":[0,0],"4":[0,0],"5":[0,0],"6":[0,0],"7":[0,0]},"f":{"1":1,"2":0,"3":0,"4":0,"5":0,"6":0,"7":0,"8":0,"9":0,"10":0,"11":0,"12":0,"13":0,"14":0,"15":0,"16":0,"17":1,"18":17,"19":0,"20":0,"21":0,"22":0,"23":0,"24":0},"fnMap":{"1":{"name":"(anonymous_1)","line":5,"loc":{"start":{"line":5,"column":18},"end":{"line":5,"column":30}}},"2":{"name":"buildBreakPoints","line":18,"loc":{"start":{"line":18,"column":0},"end":{"line":18,"column":56}}},"3":{"name":"getTooltipLabel","line":52,"loc":{"start":{"line":52,"column":0},"end":{"line":52,"column":31}}},"4":{"name":"checkAllDefined","line":61,"loc":{"start":{"line":61,"column":0},"end":{"line":61,"column":38}}},"5":{"name":"(anonymous_5)","line":62,"loc":{"start":{"line":62,"column":20},"end":{"line":62,"column":38}}},"6":{"name":"generateUUID","line":68,"loc":{"start":{"line":68,"column":0},"end":{"line":68,"column":24}}},"7":{"name":"isDemographicCategoryName","line":70,"loc":{"start":{"line":70,"column":0},"end":{"line":70,"column":40}}},"8":{"name":"convertDataRowsFirstSecondValueToKeyValueDictionary","line":76,"loc":{"start":{"line":76,"column":0},"end":{"line":76,"column":66}}},"9":{"name":"convertIntegerToReadable","line":85,"loc":{"start":{"line":85,"column":0},"end":{"line":85,"column":41}}},"10":{"name":"cloneObject","line":89,"loc":{"start":{"line":89,"column":0},"end":{"line":89,"column":25}}},"11":{"name":"removeAllParentheses","line":92,"loc":{"start":{"line":92,"column":0},"end":{"line":92,"column":37}}},"12":{"name":"getJqueryCountryBtnByCode2Letters","line":98,"loc":{"start":{"line":98,"column":0},"end":{"line":98,"column":55}}},"13":{"name":"onClickCountryFunctionBy3LettersCode","line":102,"loc":{"start":{"line":102,"column":0},"end":{"line":102,"column":62}}},"14":{"name":"onClickCountryFunctionBy2LettersCode","line":108,"loc":{"start":{"line":108,"column":0},"end":{"line":108,"column":62}}},"15":{"name":"updateBtnColor","line":113,"loc":{"start":{"line":113,"column":0},"end":{"line":113,"column":51}}},"16":{"name":"onClickCountryFunction","line":119,"loc":{"start":{"line":119,"column":0},"end":{"line":119,"column":44}}},"17":{"name":"(anonymous_17)","line":132,"loc":{"start":{"line":132,"column":32},"end":{"line":132,"column":42}}},"18":{"name":"(anonymous_18)","line":133,"loc":{"start":{"line":133,"column":44},"end":{"line":133,"column":60}}},"19":{"name":"isArabCountryCode3Letters","line":139,"loc":{"start":{"line":139,"column":0},"end":{"line":139,"column":47}}},"20":{"name":"updateFilteringCountryCodeMap","line":149,"loc":{"start":{"line":149,"column":0},"end":{"line":149,"column":58}}},"21":{"name":"updateSocialLinkFields","line":227,"loc":{"start":{"line":227,"column":0},"end":{"line":227,"column":33}}},"22":{"name":"convert2to3LettersCode","line":244,"loc":{"start":{"line":244,"column":0},"end":{"line":244,"column":47}}},"23":{"name":"convert2LettersCodeToName","line":255,"loc":{"start":{"line":255,"column":0},"end":{"line":255,"column":50}}},"24":{"name":"convert3to2LettersCode","line":264,"loc":{"start":{"line":264,"column":0},"end":{"line":264,"column":47}}}},"statementMap":{"1":{"start":{"line":5,"column":0},"end":{"line":16,"column":3}},"2":{"start":{"line":6,"column":4},"end":{"line":6,"column":100}},"3":{"start":{"line":7,"column":4},"end":{"line":7,"column":158}},"4":{"start":{"line":8,"column":4},"end":{"line":8,"column":56}},"5":{"start":{"line":9,"column":4},"end":{"line":9,"column":61}},"6":{"start":{"line":10,"column":4},"end":{"line":10,"column":71}},"7":{"start":{"line":11,"column":4},"end":{"line":11,"column":118}},"8":{"start":{"line":12,"column":4},"end":{"line":12,"column":127}},"9":{"start":{"line":13,"column":4},"end":{"line":13,"column":121}},"10":{"start":{"line":18,"column":0},"end":{"line":29,"column":1}},"11":{"start":{"line":19,"column":4},"end":{"line":19,"column":25}},"12":{"start":{"line":20,"column":4},"end":{"line":27,"column":5}},"13":{"start":{"line":21,"column":8},"end":{"line":21,"column":46}},"14":{"start":{"line":22,"column":8},"end":{"line":22,"column":38}},"15":{"start":{"line":23,"column":8},"end":{"line":26,"column":11}},"16":{"start":{"line":28,"column":4},"end":{"line":28,"column":23}},"17":{"start":{"line":31,"column":0},"end":{"line":50,"column":2}},"18":{"start":{"line":52,"column":0},"end":{"line":58,"column":1}},"19":{"start":{"line":53,"column":4},"end":{"line":57,"column":5}},"20":{"start":{"line":54,"column":8},"end":{"line":54,"column":46}},"21":{"start":{"line":56,"column":8},"end":{"line":56,"column":20}},"22":{"start":{"line":61,"column":0},"end":{"line":65,"column":1}},"23":{"start":{"line":62,"column":4},"end":{"line":64,"column":7}},"24":{"start":{"line":63,"column":8},"end":{"line":63,"column":108}},"25":{"start":{"line":63,"column":44},"end":{"line":63,"column":108}},"26":{"start":{"line":68,"column":0},"end":{"line":68,"column":133}},"27":{"start":{"line":68,"column":25},"end":{"line":68,"column":132}},"28":{"start":{"line":70,"column":0},"end":{"line":74,"column":1}},"29":{"start":{"line":72,"column":4},"end":{"line":72,"column":86}},"30":{"start":{"line":73,"column":4},"end":{"line":73,"column":57}},"31":{"start":{"line":76,"column":0},"end":{"line":83,"column":1}},"32":{"start":{"line":77,"column":4},"end":{"line":77,"column":29}},"33":{"start":{"line":78,"column":4},"end":{"line":81,"column":5}},"34":{"start":{"line":79,"column":8},"end":{"line":79,"column":52}},"35":{"start":{"line":80,"column":8},"end":{"line":80,"column":49}},"36":{"start":{"line":82,"column":4},"end":{"line":82,"column":27}},"37":{"start":{"line":85,"column":0},"end":{"line":87,"column":1}},"38":{"start":{"line":86,"column":4},"end":{"line":86,"column":42}},"39":{"start":{"line":89,"column":0},"end":{"line":91,"column":1}},"40":{"start":{"line":90,"column":4},"end":{"line":90,"column":43}},"41":{"start":{"line":92,"column":0},"end":{"line":96,"column":1}},"42":{"start":{"line":93,"column":4},"end":{"line":93,"column":38}},"43":{"start":{"line":94,"column":4},"end":{"line":94,"column":38}},"44":{"start":{"line":95,"column":4},"end":{"line":95,"column":17}},"45":{"start":{"line":98,"column":0},"end":{"line":100,"column":1}},"46":{"start":{"line":99,"column":4},"end":{"line":99,"column":51}},"47":{"start":{"line":102,"column":0},"end":{"line":106,"column":1}},"48":{"start":{"line":103,"column":4},"end":{"line":103,"column":62}},"49":{"start":{"line":104,"column":4},"end":{"line":104,"column":69}},"50":{"start":{"line":105,"column":4},"end":{"line":105,"column":40}},"51":{"start":{"line":108,"column":0},"end":{"line":111,"column":1}},"52":{"start":{"line":109,"column":4},"end":{"line":109,"column":73}},"53":{"start":{"line":110,"column":4},"end":{"line":110,"column":40}},"54":{"start":{"line":113,"column":0},"end":{"line":117,"column":1}},"55":{"start":{"line":114,"column":4},"end":{"line":114,"column":74}},"56":{"start":{"line":115,"column":4},"end":{"line":115,"column":77}},"57":{"start":{"line":116,"column":4},"end":{"line":116,"column":53}},"58":{"start":{"line":119,"column":0},"end":{"line":130,"column":1}},"59":{"start":{"line":120,"column":4},"end":{"line":120,"column":55}},"60":{"start":{"line":121,"column":4},"end":{"line":128,"column":5}},"61":{"start":{"line":122,"column":8},"end":{"line":122,"column":46}},"62":{"start":{"line":123,"column":8},"end":{"line":123,"column":62}},"63":{"start":{"line":124,"column":8},"end":{"line":124,"column":79}},"64":{"start":{"line":126,"column":8},"end":{"line":126,"column":55}},"65":{"start":{"line":127,"column":8},"end":{"line":127,"column":62}},"66":{"start":{"line":129,"column":4},"end":{"line":129,"column":54}},"67":{"start":{"line":132,"column":0},"end":{"line":137,"column":1}},"68":{"start":{"line":133,"column":4},"end":{"line":135,"column":7}},"69":{"start":{"line":134,"column":8},"end":{"line":134,"column":34}},"70":{"start":{"line":136,"column":4},"end":{"line":136,"column":24}},"71":{"start":{"line":139,"column":0},"end":{"line":148,"column":1}},"72":{"start":{"line":140,"column":4},"end":{"line":140,"column":68}},"73":{"start":{"line":141,"column":4},"end":{"line":146,"column":5}},"74":{"start":{"line":142,"column":8},"end":{"line":142,"column":70}},"75":{"start":{"line":143,"column":8},"end":{"line":145,"column":9}},"76":{"start":{"line":144,"column":12},"end":{"line":144,"column":24}},"77":{"start":{"line":147,"column":4},"end":{"line":147,"column":17}},"78":{"start":{"line":149,"column":0},"end":{"line":155,"column":1}},"79":{"start":{"line":150,"column":4},"end":{"line":154,"column":5}},"80":{"start":{"line":151,"column":8},"end":{"line":153,"column":9}},"81":{"start":{"line":152,"column":12},"end":{"line":152,"column":47}},"82":{"start":{"line":156,"column":0},"end":{"line":225,"column":2}},"83":{"start":{"line":227,"column":0},"end":{"line":242,"column":1}},"84":{"start":{"line":228,"column":4},"end":{"line":228,"column":124}},"85":{"start":{"line":229,"column":4},"end":{"line":229,"column":136}},"86":{"start":{"line":230,"column":4},"end":{"line":230,"column":109}},"87":{"start":{"line":231,"column":4},"end":{"line":231,"column":62}},"88":{"start":{"line":232,"column":4},"end":{"line":232,"column":67}},"89":{"start":{"line":233,"column":4},"end":{"line":233,"column":106}},"90":{"start":{"line":234,"column":4},"end":{"line":234,"column":73}},"91":{"start":{"line":236,"column":4},"end":{"line":236,"column":55}},"92":{"start":{"line":237,"column":4},"end":{"line":237,"column":59}},"93":{"start":{"line":238,"column":4},"end":{"line":238,"column":55}},"94":{"start":{"line":240,"column":4},"end":{"line":240,"column":120}},"95":{"start":{"line":241,"column":4},"end":{"line":241,"column":61}},"96":{"start":{"line":244,"column":0},"end":{"line":252,"column":1}},"97":{"start":{"line":245,"column":4},"end":{"line":245,"column":50}},"98":{"start":{"line":246,"column":4},"end":{"line":250,"column":5}},"99":{"start":{"line":247,"column":8},"end":{"line":247,"column":60}},"100":{"start":{"line":249,"column":8},"end":{"line":249,"column":65}},"101":{"start":{"line":255,"column":0},"end":{"line":262,"column":1}},"102":{"start":{"line":256,"column":4},"end":{"line":256,"column":50}},"103":{"start":{"line":257,"column":4},"end":{"line":261,"column":5}},"104":{"start":{"line":258,"column":8},"end":{"line":258,"column":51}},"105":{"start":{"line":260,"column":8},"end":{"line":260,"column":65}},"106":{"start":{"line":264,"column":0},"end":{"line":272,"column":1}},"107":{"start":{"line":265,"column":4},"end":{"line":265,"column":50}},"108":{"start":{"line":266,"column":4},"end":{"line":270,"column":5}},"109":{"start":{"line":267,"column":8},"end":{"line":269,"column":9}},"110":{"start":{"line":268,"column":12},"end":{"line":268,"column":22}},"111":{"start":{"line":271,"column":4},"end":{"line":271,"column":61}}},"branchMap":{"1":{"line":53,"type":"if","locations":[{"start":{"line":53,"column":4},"end":{"line":53,"column":4}},{"start":{"line":53,"column":4},"end":{"line":53,"column":4}}]},"2":{"line":63,"type":"if","locations":[{"start":{"line":63,"column":8},"end":{"line":63,"column":8}},{"start":{"line":63,"column":8},"end":{"line":63,"column":8}}]},"3":{"line":68,"type":"cond-expr","locations":[{"start":{"line":68,"column":34},"end":{"line":68,"column":72}},{"start":{"line":68,"column":73},"end":{"line":68,"column":132}}]},"4":{"line":121,"type":"if","locations":[{"start":{"line":121,"column":4},"end":{"line":121,"column":4}},{"start":{"line":121,"column":4},"end":{"line":121,"column":4}}]},"5":{"line":143,"type":"if","locations":[{"start":{"line":143,"column":8},"end":{"line":143,"column":8}},{"start":{"line":143,"column":8},"end":{"line":143,"column":8}}]},"6":{"line":151,"type":"if","locations":[{"start":{"line":151,"column":8},"end":{"line":151,"column":8}},{"start":{"line":151,"column":8},"end":{"line":151,"column":8}}]},"7":{"line":267,"type":"if","locations":[{"start":{"line":267,"column":8},"end":{"line":267,"column":8}},{"start":{"line":267,"column":8},"end":{"line":267,"column":8}}]}}}}