TN:
SF:/home/maraujo/Dropbox/qcri/prototype/if-health-metters/vizualization_js/utils.js
FN:5,(anonymous_1)
FN:18,buildBreakPoints
FN:52,getTooltipLabel
FN:61,checkAllDefined
FN:62,(anonymous_5)
FN:68,generateUUID
FN:70,isDemographicCategoryName
FN:76,convertDataRowsFirstSecondValueToKeyValueDictionary
FN:85,convertIntegerToReadable
FN:89,cloneObject
FN:92,removeAllParentheses
FN:98,getJqueryCountryBtnByCode2Letters
FN:102,onClickCountryFunctionBy3LettersCode
FN:108,onClickCountryFunctionBy2LettersCode
FN:113,updateBtnColor
FN:119,onClickCountryFunction
FN:132,(anonymous_17)
FN:133,(anonymous_18)
FN:139,isArabCountryCode3Letters
FN:149,updateFilteringCountryCodeMap
FN:227,updateSocialLinkFields
FN:244,convert2to3LettersCode
FN:255,convert2LettersCodeToName
FN:264,convert3to2LettersCode
FNF:24
FNH:3
FNDA:1,(anonymous_1)
FNDA:0,buildBreakPoints
FNDA:0,getTooltipLabel
FNDA:0,checkAllDefined
FNDA:0,(anonymous_5)
FNDA:0,generateUUID
FNDA:0,isDemographicCategoryName
FNDA:0,convertDataRowsFirstSecondValueToKeyValueDictionary
FNDA:0,convertIntegerToReadable
FNDA:0,cloneObject
FNDA:0,removeAllParentheses
FNDA:0,getJqueryCountryBtnByCode2Letters
FNDA:0,onClickCountryFunctionBy3LettersCode
FNDA:0,onClickCountryFunctionBy2LettersCode
FNDA:0,updateBtnColor
FNDA:0,onClickCountryFunction
FNDA:1,(anonymous_17)
FNDA:17,(anonymous_18)
FNDA:0,isArabCountryCode3Letters
FNDA:0,updateFilteringCountryCodeMap
FNDA:0,updateSocialLinkFields
FNDA:0,convert2to3LettersCode
FNDA:0,convert2LettersCodeToName
FNDA:0,convert3to2LettersCode
DA:5,1
DA:6,1
DA:7,1
DA:8,0
DA:9,0
DA:10,0
DA:11,0
DA:12,0
DA:13,0
DA:18,1
DA:19,0
DA:20,0
DA:21,0
DA:22,0
DA:23,0
DA:28,0
DA:31,1
DA:52,1
DA:53,0
DA:54,0
DA:56,0
DA:61,1
DA:62,0
DA:63,0
DA:68,1
DA:70,1
DA:72,0
DA:73,0
DA:76,1
DA:77,0
DA:78,0
DA:79,0
DA:80,0
DA:82,0
DA:85,1
DA:86,0
DA:89,1
DA:90,0
DA:92,1
DA:93,0
DA:94,0
DA:95,0
DA:98,1
DA:99,0
DA:102,1
DA:103,0
DA:104,0
DA:105,0
DA:108,1
DA:109,0
DA:110,0
DA:113,1
DA:114,0
DA:115,0
DA:116,0
DA:119,1
DA:120,0
DA:121,0
DA:122,0
DA:123,0
DA:124,0
DA:126,0
DA:127,0
DA:129,0
DA:132,1
DA:133,1
DA:134,17
DA:136,1
DA:139,1
DA:140,0
DA:141,0
DA:142,0
DA:143,0
DA:144,0
DA:147,0
DA:149,1
DA:150,0
DA:151,0
DA:152,0
DA:156,1
DA:227,1
DA:228,0
DA:229,0
DA:230,0
DA:231,0
DA:232,0
DA:233,0
DA:234,0
DA:236,0
DA:237,0
DA:238,0
DA:240,0
DA:241,0
DA:244,1
DA:245,0
DA:246,0
DA:247,0
DA:249,0
DA:255,1
DA:256,0
DA:257,0
DA:258,0
DA:260,0
DA:264,1
DA:265,0
DA:266,0
DA:267,0
DA:268,0
DA:271,0
LF:109
LH:29
BRDA:53,1,0,0
BRDA:53,1,1,0
BRDA:63,2,0,0
BRDA:63,2,1,0
BRDA:68,3,0,0
BRDA:68,3,1,0
BRDA:121,4,0,0
BRDA:121,4,1,0
BRDA:143,5,0,0
BRDA:143,5,1,0
BRDA:151,6,0,0
BRDA:151,6,1,0
BRDA:267,7,0,0
BRDA:267,7,1,0
BRF:14
BRH:0
end_of_record
